<?xml version="1.0" encoding="UTF-8"?>
<testng-results ignored="0" total="1" passed="1" failed="0" skipped="0">
  <reporter-output>
  </reporter-output>
  <suite started-at="2024-11-21T16:38:00 IST" name="Default suite" finished-at="2024-11-21T16:38:11 IST" duration-ms="11520">
    <groups>
    </groups>
    <test started-at="2024-11-21T16:38:00 IST" name="Default test" finished-at="2024-11-21T16:38:11 IST" duration-ms="11520">
      <class name="Module1_Login_Test.SwagLabLoginTest">
        <test-method is-config="true" signature="openBrowser()[pri:0, instance:Module1_Login_Test.SwagLabLoginTest@663c9e7a]" started-at="2024-11-21T16:38:00 IST" name="openBrowser" finished-at="2024-11-21T16:38:03 IST" duration-ms="3441" status="PASS">
          <reporter-output>
          </reporter-output>
        </test-method> <!-- openBrowser -->
        <test-method is-config="true" signature="loginToApp()[pri:0, instance:Module1_Login_Test.SwagLabLoginTest@663c9e7a]" started-at="2024-11-21T16:38:03 IST" name="loginToApp" finished-at="2024-11-21T16:38:05 IST" duration-ms="2416" status="PASS">
          <reporter-output>
          </reporter-output>
        </test-method> <!-- loginToApp -->
        <test-method signature="verifyLogo()[pri:0, instance:Module1_Login_Test.SwagLabLoginTest@663c9e7a]" started-at="2024-11-21T16:38:05 IST" name="verifyLogo" finished-at="2024-11-21T16:38:06 IST" duration-ms="750" status="PASS">
          <reporter-output>
          </reporter-output>
        </test-method> <!-- verifyLogo -->
        <test-method is-config="true" signature="logoutFromApp(org.testng.ITestResult)[pri:0, instance:Module1_Login_Test.SwagLabLoginTest@663c9e7a]" started-at="2024-11-21T16:38:06 IST" name="logoutFromApp" finished-at="2024-11-21T16:38:10 IST" duration-ms="4211" status="PASS">
          <params>
            <param index="0">
              <value>
                <![CDATA[[TestResult name=verifyLogo status=SUCCESS method=SwagLabLoginTest.verifyLogo()[pri:0, instance:Module1_Login_Test.SwagLabLoginTest@663c9e7a] output={null}]]]>
              </value>
            </param>
          </params>
          <reporter-output>
          </reporter-output>
        </test-method> <!-- logoutFromApp -->
        <test-method is-config="true" signature="closeBrowser()[pri:0, instance:Module1_Login_Test.SwagLabLoginTest@663c9e7a]" started-at="2024-11-21T16:38:10 IST" name="closeBrowser" finished-at="2024-11-21T16:38:11 IST" duration-ms="647" status="PASS">
          <reporter-output>
          </reporter-output>
        </test-method> <!-- closeBrowser -->
      </class> <!-- Module1_Login_Test.SwagLabLoginTest -->
    </test> <!-- Default test -->
  </suite> <!-- Default suite -->
</testng-results>
